<?xml version="1.0" encoding="UTF-8"?>
<!-- Generated by org.testng.reporters.JUnitReportReporter -->
<testsuite hostname="DESKTOP-JPVJA3L" failures="0" tests="1" name="Axis_Manipal.Data_Driven.WriteDataToExcel" time="13.403" errors="0" timestamp="2024-02-27T14:01:13 IST" skipped="0">
  <testcase classname="Axis_Manipal.Data_Driven.WriteDataToExcel" name="fblogin" time="13.403"/>
</testsuite> <!-- Axis_Manipal.Data_Driven.WriteDataToExcel -->
