<?xml version="1.0" encoding="UTF-8"?>
<!-- Generated by org.testng.reporters.JUnitReportReporter -->
<testsuite hostname="DESKTOP-JPVJA3L" failures="0" tests="1" name="Axis_Manipal.Data_Driven.ReadDataFromExcel" time="9.117" errors="0" timestamp="2024-02-27T12:47:19 IST" skipped="0">
  <testcase classname="Axis_Manipal.Data_Driven.ReadDataFromExcel" name="fblogin" time="9.117"/>
</testsuite> <!-- Axis_Manipal.Data_Driven.ReadDataFromExcel -->
